<?xml version="1.0" encoding="UTF-8"?>
<testng-results skipped="0" failed="0" ignored="0" total="2" passed="2">
  <reporter-output>
  </reporter-output>
  <suite name="Suite" duration-ms="252" started-at="2020-02-10T08:05:38Z" finished-at="2020-02-10T08:05:38Z">
    <groups>
    </groups>
    <test name="Test" duration-ms="252" started-at="2020-02-10T08:05:38Z" finished-at="2020-02-10T08:05:38Z">
      <class name="com.test.MavenTestCases">
        <test-method status="PASS" signature="method1()[pri:0, instance:com.test.MavenTestCases@5f375618]" name="method1" duration-ms="28" started-at="2020-02-10T08:05:38Z" finished-at="2020-02-10T08:05:38Z">
          <reporter-output>
          </reporter-output>
        </test-method> <!-- method1 -->
      </class> <!-- com.test.MavenTestCases -->
      <class name="com.test.OneTest">
        <test-method status="PASS" signature="method2()[pri:0, instance:com.test.OneTest@1810399e]" name="method2" duration-ms="8" started-at="2020-02-10T08:05:38Z" finished-at="2020-02-10T08:05:38Z">
          <reporter-output>
          </reporter-output>
        </test-method> <!-- method2 -->
      </class> <!-- com.test.OneTest -->
    </test> <!-- Test -->
  </suite> <!-- Suite -->
</testng-results>
